app/build/intermediates/manifest_merge_blame_file/debug/processDebugMainManifest/manifest-merger-blame-debug-report.txt
1<?xml version="1.0" encoding="utf-8"?>
2<manifest xmlns:android="http://schemas.android.com/apk/res/android"
3    package="mad.game105sports.onesignal"
4    android:versionCode="1"
5    android:versionName="1.0" >
6
7    <uses-sdk
8        android:minSdkVersion="26"
9        android:targetSdkVersion="34" />
10
11    <!-- Create a unique permission for your app and use it so only your app can receive your OneSignal messages. -->
12    <permission
12-->[com.onesignal:notifications:5.1.3] AndroidManifest.xml:10:5-12:47
13        android:name="mad.game105sports.onesignal.permission.C2D_MESSAGE"
13-->[com.onesignal:notifications:5.1.3] AndroidManifest.xml:11:9-63
14        android:protectionLevel="signature" />
14-->[com.onesignal:notifications:5.1.3] AndroidManifest.xml:12:9-44
15
16    <uses-permission android:name="mad.game105sports.onesignal.permission.C2D_MESSAGE" /> <!-- Required runtime permission to display notifications on Android 13 -->
16-->[com.onesignal:notifications:5.1.3] AndroidManifest.xml:14:5-79
16-->[com.onesignal:notifications:5.1.3] AndroidManifest.xml:14:22-76
17    <uses-permission android:name="android.permission.POST_NOTIFICATIONS" /> <!-- Required, makes sure notifications are delivered on time. -->
17-->[com.onesignal:notifications:5.1.3] AndroidManifest.xml:17:5-77
17-->[com.onesignal:notifications:5.1.3] AndroidManifest.xml:17:22-74
18    <uses-permission android:name="android.permission.WAKE_LOCK" /> <!-- c2dm RECEIVE are basic requirements for push messages through Google's FCM -->
18-->[com.onesignal:notifications:5.1.3] AndroidManifest.xml:18:5-68
18-->[com.onesignal:notifications:5.1.3] AndroidManifest.xml:18:22-65
19    <uses-permission android:name="com.google.android.c2dm.permission.RECEIVE" />
19-->[com.onesignal:notifications:5.1.3] AndroidManifest.xml:19:5-82
19-->[com.onesignal:notifications:5.1.3] AndroidManifest.xml:19:22-79
20    <!--
21 Required so the device vibrates on receiving a push notification.
22         Vibration settings of the device still apply.
23    -->
24    <uses-permission android:name="android.permission.VIBRATE" />
24-->[com.onesignal:notifications:5.1.3] AndroidManifest.xml:24:5-66
24-->[com.onesignal:notifications:5.1.3] AndroidManifest.xml:24:22-63
25    <!--
26 Use to restore notifications the user hasn't interacted with.
27     They could be missed notifications if the user reboots their device if this isn't in place.
28    -->
29    <uses-permission android:name="android.permission.RECEIVE_BOOT_COMPLETED" /> <!-- START: ShortcutBadger -->
29-->[com.onesignal:notifications:5.1.3] AndroidManifest.xml:29:5-81
29-->[com.onesignal:notifications:5.1.3] AndroidManifest.xml:29:22-78
30    <!-- Samsung -->
31    <uses-permission android:name="com.sec.android.provider.badge.permission.READ" />
31-->[com.onesignal:notifications:5.1.3] AndroidManifest.xml:31:5-86
31-->[com.onesignal:notifications:5.1.3] AndroidManifest.xml:31:22-83
32    <uses-permission android:name="com.sec.android.provider.badge.permission.WRITE" /> <!-- HTC -->
32-->[com.onesignal:notifications:5.1.3] AndroidManifest.xml:32:5-87
32-->[com.onesignal:notifications:5.1.3] AndroidManifest.xml:32:22-84
33    <uses-permission android:name="com.htc.launcher.permission.READ_SETTINGS" />
33-->[com.onesignal:notifications:5.1.3] AndroidManifest.xml:33:5-81
33-->[com.onesignal:notifications:5.1.3] AndroidManifest.xml:33:22-78
34    <uses-permission android:name="com.htc.launcher.permission.UPDATE_SHORTCUT" /> <!-- Sony -->
34-->[com.onesignal:notifications:5.1.3] AndroidManifest.xml:34:5-83
34-->[com.onesignal:notifications:5.1.3] AndroidManifest.xml:34:22-80
35    <uses-permission android:name="com.sonyericsson.home.permission.BROADCAST_BADGE" />
35-->[com.onesignal:notifications:5.1.3] AndroidManifest.xml:35:5-88
35-->[com.onesignal:notifications:5.1.3] AndroidManifest.xml:35:22-85
36    <uses-permission android:name="com.sonymobile.home.permission.PROVIDER_INSERT_BADGE" /> <!-- Apex -->
36-->[com.onesignal:notifications:5.1.3] AndroidManifest.xml:36:5-92
36-->[com.onesignal:notifications:5.1.3] AndroidManifest.xml:36:22-89
37    <uses-permission android:name="com.anddoes.launcher.permission.UPDATE_COUNT" /> <!-- Solid -->
37-->[com.onesignal:notifications:5.1.3] AndroidManifest.xml:37:5-84
37-->[com.onesignal:notifications:5.1.3] AndroidManifest.xml:37:22-81
38    <uses-permission android:name="com.majeur.launcher.permission.UPDATE_BADGE" /> <!-- Huawei -->
38-->[com.onesignal:notifications:5.1.3] AndroidManifest.xml:38:5-83
38-->[com.onesignal:notifications:5.1.3] AndroidManifest.xml:38:22-80
39    <uses-permission android:name="com.huawei.android.launcher.permission.CHANGE_BADGE" />
39-->[com.onesignal:notifications:5.1.3] AndroidManifest.xml:39:5-91
39-->[com.onesignal:notifications:5.1.3] AndroidManifest.xml:39:22-88
40    <uses-permission android:name="com.huawei.android.launcher.permission.READ_SETTINGS" />
40-->[com.onesignal:notifications:5.1.3] AndroidManifest.xml:40:5-92
40-->[com.onesignal:notifications:5.1.3] AndroidManifest.xml:40:22-89
41    <uses-permission android:name="com.huawei.android.launcher.permission.WRITE_SETTINGS" /> <!-- ZUK -->
41-->[com.onesignal:notifications:5.1.3] AndroidManifest.xml:41:5-93
41-->[com.onesignal:notifications:5.1.3] AndroidManifest.xml:41:22-90
42    <uses-permission android:name="android.permission.READ_APP_BADGE" /> <!-- OPPO -->
42-->[com.onesignal:notifications:5.1.3] AndroidManifest.xml:42:5-73
42-->[com.onesignal:notifications:5.1.3] AndroidManifest.xml:42:22-70
43    <uses-permission android:name="com.oppo.launcher.permission.READ_SETTINGS" />
43-->[com.onesignal:notifications:5.1.3] AndroidManifest.xml:43:5-82
43-->[com.onesignal:notifications:5.1.3] AndroidManifest.xml:43:22-79
44    <uses-permission android:name="com.oppo.launcher.permission.WRITE_SETTINGS" /> <!-- EvMe -->
44-->[com.onesignal:notifications:5.1.3] AndroidManifest.xml:44:5-83
44-->[com.onesignal:notifications:5.1.3] AndroidManifest.xml:44:22-80
45    <uses-permission android:name="me.everything.badger.permission.BADGE_COUNT_READ" />
45-->[com.onesignal:notifications:5.1.3] AndroidManifest.xml:45:5-88
45-->[com.onesignal:notifications:5.1.3] AndroidManifest.xml:45:22-85
46    <uses-permission android:name="me.everything.badger.permission.BADGE_COUNT_WRITE" /> <!-- Required so the device can access the internet. -->
46-->[com.onesignal:notifications:5.1.3] AndroidManifest.xml:46:5-89
46-->[com.onesignal:notifications:5.1.3] AndroidManifest.xml:46:22-86
47    <uses-permission android:name="android.permission.INTERNET" />
47-->[com.onesignal:core:5.1.3] AndroidManifest.xml:9:5-67
47-->[com.onesignal:core:5.1.3] AndroidManifest.xml:9:22-64
48    <uses-permission android:name="android.permission.ACCESS_NETWORK_STATE" />
48-->[com.onesignal:core:5.1.3] AndroidManifest.xml:10:5-79
48-->[com.onesignal:core:5.1.3] AndroidManifest.xml:10:22-76
49    <uses-permission android:name="android.permission.FOREGROUND_SERVICE" />
49-->[androidx.work:work-runtime:2.8.1] AndroidManifest.xml:26:5-77
49-->[androidx.work:work-runtime:2.8.1] AndroidManifest.xml:26:22-74
50
51    <permission
51-->[androidx.core:core:1.9.0] AndroidManifest.xml:22:5-24:47
52        android:name="mad.game105sports.onesignal.DYNAMIC_RECEIVER_NOT_EXPORTED_PERMISSION"
52-->[androidx.core:core:1.9.0] AndroidManifest.xml:23:9-81
53        android:protectionLevel="signature" />
53-->[androidx.core:core:1.9.0] AndroidManifest.xml:24:9-44
54
55    <uses-permission android:name="mad.game105sports.onesignal.DYNAMIC_RECEIVER_NOT_EXPORTED_PERMISSION" />
55-->[androidx.core:core:1.9.0] AndroidManifest.xml:26:5-97
55-->[androidx.core:core:1.9.0] AndroidManifest.xml:26:22-94
56
57    <application
57-->src\main\AndroidManifest.xml:5:5-27:19
58        android:allowBackup="true"
58-->src\main\AndroidManifest.xml:6:9-35
59        android:appComponentFactory="androidx.core.app.CoreComponentFactory"
59-->[androidx.core:core:1.9.0] AndroidManifest.xml:28:18-86
60        android:dataExtractionRules="@xml/data_extraction_rules"
60-->src\main\AndroidManifest.xml:7:9-65
61        android:debuggable="true"
62        android:extractNativeLibs="false"
63        android:fullBackupContent="@xml/backup_rules"
63-->src\main\AndroidManifest.xml:8:9-54
64        android:icon="@mipmap/ic_launcher"
64-->src\main\AndroidManifest.xml:9:9-43
65        android:label="@string/app_name"
65-->src\main\AndroidManifest.xml:10:9-41
66        android:roundIcon="@mipmap/ic_launcher_round"
66-->src\main\AndroidManifest.xml:11:9-54
67        android:supportsRtl="true"
67-->src\main\AndroidManifest.xml:12:9-35
68        android:theme="@style/Theme.OneSignal" >
68-->src\main\AndroidManifest.xml:13:9-47
69        <activity
69-->src\main\AndroidManifest.xml:15:9-17:40
70            android:name="mad.game105sports.onesignal.EventPromotion"
70-->src\main\AndroidManifest.xml:16:13-43
71            android:exported="false" />
71-->src\main\AndroidManifest.xml:17:13-37
72        <activity
72-->src\main\AndroidManifest.xml:18:9-26:20
73            android:name="mad.game105sports.OnSignal"
73-->src\main\AndroidManifest.xml:19:13-54
74            android:exported="true" >
74-->src\main\AndroidManifest.xml:20:13-36
75            <intent-filter>
75-->src\main\AndroidManifest.xml:21:13-25:29
76                <action android:name="android.intent.action.MAIN" />
76-->src\main\AndroidManifest.xml:22:17-69
76-->src\main\AndroidManifest.xml:22:25-66
77
78                <category android:name="android.intent.category.LAUNCHER" />
78-->src\main\AndroidManifest.xml:24:17-77
78-->src\main\AndroidManifest.xml:24:27-74
79            </intent-filter>
80        </activity>
81
82        <receiver
82-->[com.onesignal:notifications:5.1.3] AndroidManifest.xml:49:9-60:20
83            android:name="com.onesignal.notifications.receivers.FCMBroadcastReceiver"
83-->[com.onesignal:notifications:5.1.3] AndroidManifest.xml:50:13-86
84            android:exported="true"
84-->[com.onesignal:notifications:5.1.3] AndroidManifest.xml:51:13-36
85            android:permission="com.google.android.c2dm.permission.SEND" >
85-->[com.onesignal:notifications:5.1.3] AndroidManifest.xml:52:13-73
86
87            <!-- High priority so OneSignal payloads can be filtered from other FCM receivers -->
88            <intent-filter android:priority="999" >
88-->[com.onesignal:notifications:5.1.3] AndroidManifest.xml:55:13-59:29
88-->[com.onesignal:notifications:5.1.3] AndroidManifest.xml:55:28-50
89                <action android:name="com.google.android.c2dm.intent.RECEIVE" />
89-->[com.onesignal:notifications:5.1.3] AndroidManifest.xml:56:17-81
89-->[com.onesignal:notifications:5.1.3] AndroidManifest.xml:56:25-78
90
91                <category android:name="mad.game105sports.onesignal" />
91-->[com.onesignal:notifications:5.1.3] AndroidManifest.xml:58:17-61
91-->[com.onesignal:notifications:5.1.3] AndroidManifest.xml:58:27-58
92            </intent-filter>
93        </receiver>
94
95        <service
95-->[com.onesignal:notifications:5.1.3] AndroidManifest.xml:62:9-68:19
96            android:name="com.onesignal.notifications.services.HmsMessageServiceOneSignal"
96-->[com.onesignal:notifications:5.1.3] AndroidManifest.xml:63:13-91
97            android:exported="false" >
97-->[com.onesignal:notifications:5.1.3] AndroidManifest.xml:64:13-37
98            <intent-filter>
98-->[com.onesignal:notifications:5.1.3] AndroidManifest.xml:65:13-67:29
99                <action android:name="com.huawei.push.action.MESSAGING_EVENT" />
99-->[com.onesignal:notifications:5.1.3] AndroidManifest.xml:66:17-81
99-->[com.onesignal:notifications:5.1.3] AndroidManifest.xml:66:25-78
100            </intent-filter>
101        </service>
102
103        <activity
103-->[com.onesignal:notifications:5.1.3] AndroidManifest.xml:70:9-78:20
104            android:name="com.onesignal.notifications.activities.NotificationOpenedActivityHMS"
104-->[com.onesignal:notifications:5.1.3] AndroidManifest.xml:71:13-96
105            android:exported="true"
105-->[com.onesignal:notifications:5.1.3] AndroidManifest.xml:72:13-36
106            android:noHistory="true"
106-->[com.onesignal:notifications:5.1.3] AndroidManifest.xml:73:13-37
107            android:theme="@android:style/Theme.Translucent.NoTitleBar" >
107-->[com.onesignal:notifications:5.1.3] AndroidManifest.xml:74:13-72
108            <intent-filter>
108-->[com.onesignal:notifications:5.1.3] AndroidManifest.xml:75:13-77:29
109                <action android:name="android.intent.action.VIEW" />
109-->[com.onesignal:notifications:5.1.3] AndroidManifest.xml:76:17-69
109-->[com.onesignal:notifications:5.1.3] AndroidManifest.xml:76:25-66
110            </intent-filter>
111        </activity>
112
113        <receiver
113-->[com.onesignal:notifications:5.1.3] AndroidManifest.xml:80:9-82:39
114            android:name="com.onesignal.notifications.receivers.NotificationDismissReceiver"
114-->[com.onesignal:notifications:5.1.3] AndroidManifest.xml:81:13-93
115            android:exported="true" />
115-->[com.onesignal:notifications:5.1.3] AndroidManifest.xml:82:13-36
116        <receiver
116-->[com.onesignal:notifications:5.1.3] AndroidManifest.xml:83:9-90:20
117            android:name="com.onesignal.notifications.receivers.BootUpReceiver"
117-->[com.onesignal:notifications:5.1.3] AndroidManifest.xml:84:13-80
118            android:exported="true" >
118-->[com.onesignal:notifications:5.1.3] AndroidManifest.xml:85:13-36
119            <intent-filter>
119-->[com.onesignal:notifications:5.1.3] AndroidManifest.xml:86:13-89:29
120                <action android:name="android.intent.action.BOOT_COMPLETED" />
120-->[com.onesignal:notifications:5.1.3] AndroidManifest.xml:87:17-79
120-->[com.onesignal:notifications:5.1.3] AndroidManifest.xml:87:25-76
121                <action android:name="android.intent.action.QUICKBOOT_POWERON" />
121-->[com.onesignal:notifications:5.1.3] AndroidManifest.xml:88:17-82
121-->[com.onesignal:notifications:5.1.3] AndroidManifest.xml:88:25-79
122            </intent-filter>
123        </receiver>
124        <receiver
124-->[com.onesignal:notifications:5.1.3] AndroidManifest.xml:91:9-97:20
125            android:name="com.onesignal.notifications.receivers.UpgradeReceiver"
125-->[com.onesignal:notifications:5.1.3] AndroidManifest.xml:92:13-81
126            android:exported="true" >
126-->[com.onesignal:notifications:5.1.3] AndroidManifest.xml:93:13-36
127            <intent-filter>
127-->[com.onesignal:notifications:5.1.3] AndroidManifest.xml:94:13-96:29
128                <action android:name="android.intent.action.MY_PACKAGE_REPLACED" />
128-->[com.onesignal:notifications:5.1.3] AndroidManifest.xml:95:17-84
128-->[com.onesignal:notifications:5.1.3] AndroidManifest.xml:95:25-81
129            </intent-filter>
130        </receiver>
131
132        <activity
132-->[com.onesignal:notifications:5.1.3] AndroidManifest.xml:99:9-105:75
133            android:name="com.onesignal.notifications.activities.NotificationOpenedActivity"
133-->[com.onesignal:notifications:5.1.3] AndroidManifest.xml:100:13-93
134            android:excludeFromRecents="true"
134-->[com.onesignal:notifications:5.1.3] AndroidManifest.xml:101:13-46
135            android:exported="true"
135-->[com.onesignal:notifications:5.1.3] AndroidManifest.xml:102:13-36
136            android:noHistory="true"
136-->[com.onesignal:notifications:5.1.3] AndroidManifest.xml:103:13-37
137            android:taskAffinity=""
137-->[com.onesignal:notifications:5.1.3] AndroidManifest.xml:104:13-36
138            android:theme="@android:style/Theme.Translucent.NoTitleBar" />
138-->[com.onesignal:notifications:5.1.3] AndroidManifest.xml:105:13-72
139        <activity
139-->[com.onesignal:notifications:5.1.3] AndroidManifest.xml:106:9-111:75
140            android:name="com.onesignal.notifications.activities.NotificationOpenedActivityAndroid22AndOlder"
140-->[com.onesignal:notifications:5.1.3] AndroidManifest.xml:107:13-110
141            android:excludeFromRecents="true"
141-->[com.onesignal:notifications:5.1.3] AndroidManifest.xml:108:13-46
142            android:exported="true"
142-->[com.onesignal:notifications:5.1.3] AndroidManifest.xml:109:13-36
143            android:noHistory="true"
143-->[com.onesignal:notifications:5.1.3] AndroidManifest.xml:110:13-37
144            android:theme="@android:style/Theme.Translucent.NoTitleBar" />
144-->[com.onesignal:notifications:5.1.3] AndroidManifest.xml:111:13-72
145
146        <service
146-->[com.onesignal:core:5.1.3] AndroidManifest.xml:13:9-16:43
147            android:name="com.onesignal.core.services.SyncService"
147-->[com.onesignal:core:5.1.3] AndroidManifest.xml:14:13-67
148            android:exported="false"
148-->[com.onesignal:core:5.1.3] AndroidManifest.xml:15:13-37
149            android:stopWithTask="true" />
149-->[com.onesignal:core:5.1.3] AndroidManifest.xml:16:13-40
150        <service
150-->[com.onesignal:core:5.1.3] AndroidManifest.xml:17:9-20:72
151            android:name="com.onesignal.core.services.SyncJobService"
151-->[com.onesignal:core:5.1.3] AndroidManifest.xml:18:13-70
152            android:exported="false"
152-->[com.onesignal:core:5.1.3] AndroidManifest.xml:19:13-37
153            android:permission="android.permission.BIND_JOB_SERVICE" />
153-->[com.onesignal:core:5.1.3] AndroidManifest.xml:20:13-69
154
155        <activity
155-->[com.onesignal:core:5.1.3] AndroidManifest.xml:22:9-25:75
156            android:name="com.onesignal.core.activities.PermissionsActivity"
156-->[com.onesignal:core:5.1.3] AndroidManifest.xml:23:13-77
157            android:exported="false"
157-->[com.onesignal:core:5.1.3] AndroidManifest.xml:24:13-37
158            android:theme="@android:style/Theme.Translucent.NoTitleBar" />
158-->[com.onesignal:core:5.1.3] AndroidManifest.xml:25:13-72
159        <activity
159-->[com.google.android.gms:play-services-base:17.6.0] AndroidManifest.xml:23:9-26:75
160            android:name="com.google.android.gms.common.api.GoogleApiActivity"
160-->[com.google.android.gms:play-services-base:17.6.0] AndroidManifest.xml:24:13-79
161            android:exported="false"
161-->[com.google.android.gms:play-services-base:17.6.0] AndroidManifest.xml:25:13-37
162            android:theme="@android:style/Theme.Translucent.NoTitleBar" />
162-->[com.google.android.gms:play-services-base:17.6.0] AndroidManifest.xml:26:13-72
163
164        <receiver
164-->[com.google.firebase:firebase-messaging:23.0.0] AndroidManifest.xml:28:9-35:20
165            android:name="com.google.firebase.iid.FirebaseInstanceIdReceiver"
165-->[com.google.firebase:firebase-messaging:23.0.0] AndroidManifest.xml:29:13-78
166            android:exported="true"
166-->[com.google.firebase:firebase-messaging:23.0.0] AndroidManifest.xml:30:13-36
167            android:permission="com.google.android.c2dm.permission.SEND" >
167-->[com.google.firebase:firebase-messaging:23.0.0] AndroidManifest.xml:31:13-73
168            <intent-filter>
168-->[com.google.firebase:firebase-messaging:23.0.0] AndroidManifest.xml:32:13-34:29
169                <action android:name="com.google.android.c2dm.intent.RECEIVE" />
169-->[com.onesignal:notifications:5.1.3] AndroidManifest.xml:56:17-81
169-->[com.onesignal:notifications:5.1.3] AndroidManifest.xml:56:25-78
170            </intent-filter>
171        </receiver>
172        <!--
173             FirebaseMessagingService performs security checks at runtime,
174             but set to not exported to explicitly avoid allowing another app to call it.
175        -->
176        <service
176-->[com.google.firebase:firebase-messaging:23.0.0] AndroidManifest.xml:41:9-48:19
177            android:name="com.google.firebase.messaging.FirebaseMessagingService"
177-->[com.google.firebase:firebase-messaging:23.0.0] AndroidManifest.xml:42:13-82
178            android:directBootAware="true"
178-->[com.google.firebase:firebase-messaging:23.0.0] AndroidManifest.xml:43:13-43
179            android:exported="false" >
179-->[com.google.firebase:firebase-messaging:23.0.0] AndroidManifest.xml:44:13-37
180            <intent-filter android:priority="-500" >
180-->[com.google.firebase:firebase-messaging:23.0.0] AndroidManifest.xml:45:13-47:29
180-->[com.google.firebase:firebase-messaging:23.0.0] AndroidManifest.xml:45:28-51
181                <action android:name="com.google.firebase.MESSAGING_EVENT" />
181-->[com.google.firebase:firebase-messaging:23.0.0] AndroidManifest.xml:46:17-78
181-->[com.google.firebase:firebase-messaging:23.0.0] AndroidManifest.xml:46:25-75
182            </intent-filter>
183        </service>
184        <service
184-->[com.google.firebase:firebase-messaging:23.0.0] AndroidManifest.xml:49:9-55:19
185            android:name="com.google.firebase.components.ComponentDiscoveryService"
185-->[com.google.firebase:firebase-messaging:23.0.0] AndroidManifest.xml:50:13-84
186            android:directBootAware="true"
186-->[com.google.firebase:firebase-common:20.0.0] AndroidManifest.xml:35:13-43
187            android:exported="false" >
187-->[com.google.firebase:firebase-messaging:23.0.0] AndroidManifest.xml:51:13-37
188            <meta-data
188-->[com.google.firebase:firebase-messaging:23.0.0] AndroidManifest.xml:52:13-54:85
189                android:name="com.google.firebase.components:com.google.firebase.messaging.FirebaseMessagingRegistrar"
189-->[com.google.firebase:firebase-messaging:23.0.0] AndroidManifest.xml:53:17-119
190                android:value="com.google.firebase.components.ComponentRegistrar" />
190-->[com.google.firebase:firebase-messaging:23.0.0] AndroidManifest.xml:54:17-82
191            <meta-data
191-->[com.google.firebase:firebase-datatransport:18.0.0] AndroidManifest.xml:28:13-30:85
192                android:name="com.google.firebase.components:com.google.firebase.datatransport.TransportRegistrar"
192-->[com.google.firebase:firebase-datatransport:18.0.0] AndroidManifest.xml:29:17-115
193                android:value="com.google.firebase.components.ComponentRegistrar" />
193-->[com.google.firebase:firebase-datatransport:18.0.0] AndroidManifest.xml:30:17-82
194            <meta-data
194-->[com.google.firebase:firebase-installations:17.0.0] AndroidManifest.xml:18:13-20:85
195                android:name="com.google.firebase.components:com.google.firebase.installations.FirebaseInstallationsRegistrar"
195-->[com.google.firebase:firebase-installations:17.0.0] AndroidManifest.xml:19:17-127
196                android:value="com.google.firebase.components.ComponentRegistrar" />
196-->[com.google.firebase:firebase-installations:17.0.0] AndroidManifest.xml:20:17-82
197        </service>
198
199        <provider
199-->[com.google.firebase:firebase-common:20.0.0] AndroidManifest.xml:26:9-31:39
200            android:name="com.google.firebase.provider.FirebaseInitProvider"
200-->[com.google.firebase:firebase-common:20.0.0] AndroidManifest.xml:27:13-77
201            android:authorities="mad.game105sports.onesignal.firebaseinitprovider"
201-->[com.google.firebase:firebase-common:20.0.0] AndroidManifest.xml:28:13-72
202            android:directBootAware="true"
202-->[com.google.firebase:firebase-common:20.0.0] AndroidManifest.xml:29:13-43
203            android:exported="false"
203-->[com.google.firebase:firebase-common:20.0.0] AndroidManifest.xml:30:13-37
204            android:initOrder="100" />
204-->[com.google.firebase:firebase-common:20.0.0] AndroidManifest.xml:31:13-36
205
206        <meta-data
206-->[com.google.android.gms:play-services-basement:17.6.0] AndroidManifest.xml:23:9-25:69
207            android:name="com.google.android.gms.version"
207-->[com.google.android.gms:play-services-basement:17.6.0] AndroidManifest.xml:24:13-58
208            android:value="@integer/google_play_services_version" />
208-->[com.google.android.gms:play-services-basement:17.6.0] AndroidManifest.xml:25:13-66
209
210        <provider
210-->[androidx.emoji2:emoji2:1.2.0] AndroidManifest.xml:24:9-32:20
211            android:name="androidx.startup.InitializationProvider"
211-->[androidx.emoji2:emoji2:1.2.0] AndroidManifest.xml:25:13-67
212            android:authorities="mad.game105sports.onesignal.androidx-startup"
212-->[androidx.emoji2:emoji2:1.2.0] AndroidManifest.xml:26:13-68
213            android:exported="false" >
213-->[androidx.emoji2:emoji2:1.2.0] AndroidManifest.xml:27:13-37
214            <meta-data
214-->[androidx.emoji2:emoji2:1.2.0] AndroidManifest.xml:29:13-31:52
215                android:name="androidx.emoji2.text.EmojiCompatInitializer"
215-->[androidx.emoji2:emoji2:1.2.0] AndroidManifest.xml:30:17-75
216                android:value="androidx.startup" />
216-->[androidx.emoji2:emoji2:1.2.0] AndroidManifest.xml:31:17-49
217            <meta-data
217-->[androidx.work:work-runtime:2.8.1] AndroidManifest.xml:34:13-36:52
218                android:name="androidx.work.WorkManagerInitializer"
218-->[androidx.work:work-runtime:2.8.1] AndroidManifest.xml:35:17-68
219                android:value="androidx.startup" />
219-->[androidx.work:work-runtime:2.8.1] AndroidManifest.xml:36:17-49
220            <meta-data
220-->[androidx.lifecycle:lifecycle-process:2.6.1] AndroidManifest.xml:29:13-31:52
221                android:name="androidx.lifecycle.ProcessLifecycleInitializer"
221-->[androidx.lifecycle:lifecycle-process:2.6.1] AndroidManifest.xml:30:17-78
222                android:value="androidx.startup" />
222-->[androidx.lifecycle:lifecycle-process:2.6.1] AndroidManifest.xml:31:17-49
223            <meta-data
223-->[androidx.profileinstaller:profileinstaller:1.3.0] AndroidManifest.xml:29:13-31:52
224                android:name="androidx.profileinstaller.ProfileInstallerInitializer"
224-->[androidx.profileinstaller:profileinstaller:1.3.0] AndroidManifest.xml:30:17-85
225                android:value="androidx.startup" />
225-->[androidx.profileinstaller:profileinstaller:1.3.0] AndroidManifest.xml:31:17-49
226        </provider>
227
228        <service
228-->[androidx.work:work-runtime:2.8.1] AndroidManifest.xml:39:9-45:35
229            android:name="androidx.work.impl.background.systemalarm.SystemAlarmService"
229-->[androidx.work:work-runtime:2.8.1] AndroidManifest.xml:40:13-88
230            android:directBootAware="false"
230-->[androidx.work:work-runtime:2.8.1] AndroidManifest.xml:41:13-44
231            android:enabled="@bool/enable_system_alarm_service_default"
231-->[androidx.work:work-runtime:2.8.1] AndroidManifest.xml:42:13-72
232            android:exported="false" />
232-->[androidx.work:work-runtime:2.8.1] AndroidManifest.xml:43:13-37
233        <service
233-->[androidx.work:work-runtime:2.8.1] AndroidManifest.xml:46:9-52:35
234            android:name="androidx.work.impl.background.systemjob.SystemJobService"
234-->[androidx.work:work-runtime:2.8.1] AndroidManifest.xml:47:13-84
235            android:directBootAware="false"
235-->[androidx.work:work-runtime:2.8.1] AndroidManifest.xml:48:13-44
236            android:enabled="@bool/enable_system_job_service_default"
236-->[androidx.work:work-runtime:2.8.1] AndroidManifest.xml:49:13-70
237            android:exported="true"
237-->[androidx.work:work-runtime:2.8.1] AndroidManifest.xml:50:13-36
238            android:permission="android.permission.BIND_JOB_SERVICE" />
238-->[androidx.work:work-runtime:2.8.1] AndroidManifest.xml:51:13-69
239        <service
239-->[androidx.work:work-runtime:2.8.1] AndroidManifest.xml:53:9-59:35
240            android:name="androidx.work.impl.foreground.SystemForegroundService"
240-->[androidx.work:work-runtime:2.8.1] AndroidManifest.xml:54:13-81
241            android:directBootAware="false"
241-->[androidx.work:work-runtime:2.8.1] AndroidManifest.xml:55:13-44
242            android:enabled="@bool/enable_system_foreground_service_default"
242-->[androidx.work:work-runtime:2.8.1] AndroidManifest.xml:56:13-77
243            android:exported="false" />
243-->[androidx.work:work-runtime:2.8.1] AndroidManifest.xml:57:13-37
244
245        <receiver
245-->[androidx.work:work-runtime:2.8.1] AndroidManifest.xml:61:9-66:35
246            android:name="androidx.work.impl.utils.ForceStopRunnable$BroadcastReceiver"
246-->[androidx.work:work-runtime:2.8.1] AndroidManifest.xml:62:13-88
247            android:directBootAware="false"
247-->[androidx.work:work-runtime:2.8.1] AndroidManifest.xml:63:13-44
248            android:enabled="true"
248-->[androidx.work:work-runtime:2.8.1] AndroidManifest.xml:64:13-35
249            android:exported="false" />
249-->[androidx.work:work-runtime:2.8.1] AndroidManifest.xml:65:13-37
250        <receiver
250-->[androidx.work:work-runtime:2.8.1] AndroidManifest.xml:67:9-77:20
251            android:name="androidx.work.impl.background.systemalarm.ConstraintProxy$BatteryChargingProxy"
251-->[androidx.work:work-runtime:2.8.1] AndroidManifest.xml:68:13-106
252            android:directBootAware="false"
252-->[androidx.work:work-runtime:2.8.1] AndroidManifest.xml:69:13-44
253            android:enabled="false"
253-->[androidx.work:work-runtime:2.8.1] AndroidManifest.xml:70:13-36
254            android:exported="false" >
254-->[androidx.work:work-runtime:2.8.1] AndroidManifest.xml:71:13-37
255            <intent-filter>
255-->[androidx.work:work-runtime:2.8.1] AndroidManifest.xml:73:13-76:29
256                <action android:name="android.intent.action.ACTION_POWER_CONNECTED" />
256-->[androidx.work:work-runtime:2.8.1] AndroidManifest.xml:74:17-87
256-->[androidx.work:work-runtime:2.8.1] AndroidManifest.xml:74:25-84
257                <action android:name="android.intent.action.ACTION_POWER_DISCONNECTED" />
257-->[androidx.work:work-runtime:2.8.1] AndroidManifest.xml:75:17-90
257-->[androidx.work:work-runtime:2.8.1] AndroidManifest.xml:75:25-87
258            </intent-filter>
259        </receiver>
260        <receiver
260-->[androidx.work:work-runtime:2.8.1] AndroidManifest.xml:78:9-88:20